<?xml version="1.0" encoding="UTF-8"?>
<!-- Generated by org.testng.reporters.JUnitXMLReporter -->
<testsuite ignored="2" hostname="DESKTOP-4JKD8DP" failures="0" tests="2" name="Test" time="157.635" errors="0" timestamp="2022-11-30T23:30:50 IST">
  <testcase classname="test_Scripts.Brainly_TC_02" name="testScript1" time="41.627"/>
  <testcase classname="test_Scripts.Brainly_TC_01" name="testScript1" time="67.377"/>
  <testcase classname="generic.Base_Test" name="@BeforeSuite beforeSuit" time="0.0">
    <ignored/>
  </testcase> <!-- @BeforeSuite beforeSuit -->
  <testcase classname="generic.Base_Test" name="@AfterSuite afterSuite" time="0.0">
    <ignored/>
  </testcase> <!-- @AfterSuite afterSuite -->
</testsuite> <!-- Test -->
