<?xml version="1.0" encoding="UTF-8"?>
<testng-results ignored="2" total="4" passed="2" failed="0" skipped="0">
  <reporter-output>
    <line>
      <![CDATA[Browser window is maximized successfully]]>
    </line>
    <line>
      <![CDATA[Browser window is maximized successfully]]>
    </line>
  </reporter-output>
  <suite started-at="2022-11-30T23:28:13 IST" name="BrainlySuite" finished-at="2022-11-30T23:30:50 IST" duration-ms="157635">
    <groups>
    </groups>
    <test started-at="2022-11-30T23:28:13 IST" name="Test" finished-at="2022-11-30T23:30:50 IST" duration-ms="157635">
      <class name="test_Scripts.Brainly_TC_02">
        <test-method is-config="true" signature="beforeSuit()[pri:0, instance:test_Scripts.Brainly_TC_02@2ed2d9cb]" started-at="2022-11-30T23:28:12 IST" name="beforeSuit" finished-at="2022-11-30T23:28:13 IST" duration-ms="449" status="PASS">
          <reporter-output>
          </reporter-output>
        </test-method> <!-- beforeSuit -->
        <test-method is-config="true" signature="browserSetup()[pri:0, instance:test_Scripts.Brainly_TC_02@2ed2d9cb]" started-at="2022-11-30T23:28:13 IST" name="browserSetup" finished-at="2022-11-30T23:28:39 IST" duration-ms="26836" status="PASS">
          <reporter-output>
            <line>
              <![CDATA[Browser window is maximized successfully]]>
            </line>
          </reporter-output>
        </test-method> <!-- browserSetup -->
        <test-method signature="testScript1(java.lang.String,java.lang.String)[pri:0, instance:test_Scripts.Brainly_TC_02@2ed2d9cb]" started-at="2022-11-30T23:28:42 IST" name="testScript1" data-provider="testData" finished-at="2022-11-30T23:29:23 IST" duration-ms="41627" status="PASS">
          <params>
            <param index="0">
              <value>
                <![CDATA[Electronic?]]>
              </value>
            </param>
            <param index="1">
              <value>
                <![CDATA[Electronic configuration of hydrogen?]]>
              </value>
            </param>
          </params>
          <reporter-output>
          </reporter-output>
        </test-method> <!-- testScript1 -->
        <test-method is-config="true" signature="CloseApp()[pri:0, instance:test_Scripts.Brainly_TC_02@2ed2d9cb]" started-at="2022-11-30T23:29:23 IST" name="CloseApp" finished-at="2022-11-30T23:29:23 IST" duration-ms="1" status="PASS">
          <reporter-output>
          </reporter-output>
        </test-method> <!-- CloseApp -->
        <test-method is-config="true" signature="afterSuite()[pri:0, instance:test_Scripts.Brainly_TC_02@2ed2d9cb]" started-at="2022-11-30T23:30:50 IST" name="afterSuite" finished-at="2022-11-30T23:30:51 IST" duration-ms="900" status="PASS">
          <reporter-output>
          </reporter-output>
        </test-method> <!-- afterSuite -->
      </class> <!-- test_Scripts.Brainly_TC_02 -->
      <class name="test_Scripts.Brainly_TC_01">
        <test-method is-config="true" signature="browserSetup()[pri:0, instance:test_Scripts.Brainly_TC_01@593aaf41]" started-at="2022-11-30T23:29:23 IST" name="browserSetup" finished-at="2022-11-30T23:29:43 IST" duration-ms="19275" status="PASS">
          <reporter-output>
            <line>
              <![CDATA[Browser window is maximized successfully]]>
            </line>
          </reporter-output>
        </test-method> <!-- browserSetup -->
        <test-method signature="testScript1(java.lang.String)[pri:0, instance:test_Scripts.Brainly_TC_01@593aaf41]" started-at="2022-11-30T23:29:43 IST" name="testScript1" data-provider="testData" finished-at="2022-11-30T23:30:50 IST" duration-ms="67377" status="PASS">
          <params>
            <param index="0">
              <value>
                <![CDATA[What is Biotechnology?]]>
              </value>
            </param>
          </params>
          <reporter-output>
          </reporter-output>
        </test-method> <!-- testScript1 -->
        <test-method is-config="true" signature="CloseApp()[pri:0, instance:test_Scripts.Brainly_TC_01@593aaf41]" started-at="2022-11-30T23:30:50 IST" name="CloseApp" finished-at="2022-11-30T23:30:50 IST" duration-ms="0" status="PASS">
          <reporter-output>
          </reporter-output>
        </test-method> <!-- CloseApp -->
      </class> <!-- test_Scripts.Brainly_TC_01 -->
    </test> <!-- Test -->
  </suite> <!-- BrainlySuite -->
</testng-results>
